The HCMV genome (EF999921) has 168 CDS.

target_id	test_stat	pval	qval	
ABV71604.1	14.8058411981326	0.000119165822532827	0.011709655095944	
ABV71622.1	14.4989808613046	0.000140235390370587	0.011709655095944	
ABV71560.1	13.0094855846134	0.000309917067310461	0.0154298299168197	
ABV71652.1	12.6800546681837	0.000369576764474724	0.0154298299168197	
ABV71626.1	11.81327694756	0.000588098324890902	0.0172288429393279	
ABV71651.1	11.4693832218598	0.000707521580636368	0.0172288429393279	
ABV71646.1	11.4313111444213	0.000722167069313144	0.0172288429393279	
ABV71649.1	11.1497507934697	0.000840429625634109	0.017543968435112	
ABV71561.1	10.4406449553709	0.0012327221795746	0.022873844887662	
ABV71595.1	10.0085965786691	0.00155811209848098	0.0260204720446324	
ABV71519.1	8.64357524364805	0.00328216706663311	0.0440894851157909	
ABV71596.1	8.5711514555594	0.0034153109543182	0.0440894851157909	
ABV71506.1	8.40172377108085	0.00374865375680821	0.0440894851157909	
ABV71607.1	8.35147589284853	0.00385374172732644	0.0440894851157909	
ABV71635.1	8.30200502085966	0.00396013339363391	0.0440894851157909	
ABV71507.1	7.96945406908004	0.00475732844864216	0.0496546156827026	
	
Donor 1 (2dpi) had 2259287 read pairs before Bowtie2 filtering and 1744101.0 read pairs after.
Donor 1 (6dpi) had 2004530 read pairs before Bowtie2 filtering and 1488833.0 read pairs after.
Donor 3 (2dpi) had 2730258 read pairs before Bowtie2 filtering and 2382996.0 read pairs after.
Donor 3 (6dpi) had 2476889 read pairs before Bowtie2 filtering and 1500834.0 read pairs after.

 spades -k 55,127 -t 2 --only-assembler --pe1-1 mapped_bowtie_SRR5660030.1.fastq --pe1-2 mapped_bowtie_SRR5660030.2.fastq --pe2-1 mapped_bowtie_SRR5660033.1.fastq --pe2-2 mapped_bowtie_SRR5660033.2.fastq --pe3-1 mapped_bowtie_SRR5660044.1.fastq --pe3-2 mapped_bowtie_SRR5660044.2.fastq --pe4-1 mapped_bowtie_SRR5660045.1.fastq --pe4-2 mapped_bowtie_SRR5660045.2.fastq -o spades_assembly/

There are 57 contigs > 1000 bp in the assembly

There are 200759 bp in the assembly.

sacc  pident  length  qstart  qend  sstart  send  bitscore  evalue  stitle
EF999921.1	100.000	15888	1	15888	171116	155229	29340	0.0	EF999921.1 Human herpesvirus 5 strain TB40/E clone TB40-BAC4
JX512204.1	100.000	15888	1	15888	138487	122600	29340	0.0	JX512204.1 Human herpesvirus 5 strain HAN16
MT070140.1	100.000	15888	1	15888	138846	122959	29340	0.0	MT070140.1 UNVERIFIED: Human betaherpesvirus 5 isolate P10
KF297339.1	100.000	15888	1	15888	139075	123188	29340	0.0	KF297339.1 Human herpesvirus 5 strain TB40/E clone Lisa
MT044484.1	99.987	15888	1	15888	138427	122540	29329	0.0	MT044484.1 Human betaherpesvirus 5 strain HAN-SOT4
KX544839.1	99.962	15888	1	15888	171071	155187	29303	0.0	KX544839.1 Human herpesvirus 5 isolate TB40-E_UNC
MT044481.1	99.899	15888	1	15888	138675	122788	29252	0.0	MT044481.1 Human betaherpesvirus 5 strain GLA-SOT2
KP745712.1	99.654	15888	1	15888	138401	122517	29032	0.0	KP745712.1 Human herpesvirus 5 strain BE/19/2010
KR534196.1	99.591	15888	1	15888	138406	122519	28980	0.0	KR534196.1 Human herpesvirus 5 strain JER847
