The HCMV genome (EF999921) has 168 CDS.

target_id	test_stat	pval	qval	
ABV71622.1	13.8818539768932	0.000194668940089242	0.0158096980550354	
ABV71604.1	13.7939128577353	0.000203996103935941	0.0158096980550354	
ABV71651.1	12.757732444142	0.000354540441943746	0.0164949627869273	
ABV71595.1	12.4159761042003	0.000425676459017479	0.0164949627869273	
ABV71560.1	11.5143931950551	0.000690593712232984	0.0204876515691271	
ABV71506.1	11.2573807584756	0.000793070383321051	0.0204876515691271	
ABV71626.1	10.4294427808689	0.00124022155278142	0.0274620486687314	
ABV71649.1	9.7693472438061	0.00177445442257239	0.0297098547186234	
ABV71507.1	9.69446279507499	0.00184824107933127	0.0297098547186234	
ABV71605.1	9.6275849631138	0.00191676482055635	0.0297098547186234	
ABV71652.1	8.63661131630976	0.00329473699905714	0.0442527459604051	
ABV71635.1	8.48906722395249	0.00357286939712456	0.0442527459604051	
ABV71531.1	8.403927398824	0.00374411240383077	0.0442527459604051	
ABV71561.1	8.28516728833813	0.00399702221577853	0.0442527459604051	
ABV71646.1	8.07673059023042	0.00448372664631657	0.0463318420119379	
ABV71505.1	7.84792474890591	0.00508790778489545	0.0492891066661747	
	
Donor 1 (2dpi) had 20000 read pairs before Bowtie2 filtering and 15334 read pairs after.
Donor 1 (6dpi) had 20000 read pairs before Bowtie2 filtering and 14868 read pairs after.
Donor 3 (2dpi) had 20000 read pairs before Bowtie2 filtering and 17516 read pairs after.
Donor 3 (6dpi) had 20000 read pairs before Bowtie2 filtering and 12155 read pairs after.

 spades -k 55,127 -t 2 --only-assembler --pe1-1 mapped_bowtie_SRR5660030.1.fastq --pe1-2 mapped_bowtie_SRR5660030.2.fastq --pe2-1 mapped_bowtie_SRR5660033.1.fastq --pe2-2 mapped_bowtie_SRR5660033.2.fastq --pe3-1 mapped_bowtie_SRR5660044.1.fastq --pe3-2 mapped_bowtie_SRR5660044.2.fastq --pe4-1 mapped_bowtie_SRR5660045.1.fastq --pe4-2 mapped_bowtie_SRR5660045.2.fastq -o spades_assembly/

There are 50 contigs > 1000 bp in the assembly

There are 193321 bp in the assembly.

sacc	pident	length	qstart	qend	sstart	send	bitscore	evalue	stitle
EF999921.1	99.984	12587	1	12587	120207	107621	23233	0.0	EF999921.1 Human herpesvirus 5 strain TB40/E clone TB40-BAC4
MT070140.1	99.984	12587	1	12587	87937	75351	23233	0.0	MT070140.1 UNVERIFIED: Human betaherpesvirus 5 isolate P10
KF297339.1	99.984	12587	1	12587	88166	75580	23233	0.0	KF297339.1 Human herpesvirus 5 strain TB40/E clone Lisa
KX544839.1	99.960	12587	1	12587	120183	107598	23215	0.0	KX544839.1 Human herpesvirus 5 isolate TB40-E_UNC
MT044484.1	99.944	12587	1	12587	87514	74929	23204	0.0	MT044484.1 Human betaherpesvirus 5 strain HAN-SOT4
KY490073.1	99.714	12593	1	12587	87237	74645	23051	0.0	KY490073.1 Human betaherpesvirus 5 strain HANRTR1A
KY490074.1	99.714	12593	1	12587	87701	75109	23051	0.0	KY490074.1 Human betaherpesvirus 5 strain HANRTR1B
KT726944.2	99.698	12593	1	12587	87532	74940	23039	0.0	KT726944.2 Human betaherpesvirus 5 strain NL/Rot5/Urine/2012
KJ361955.1	99.698	12593	1	12587	87479	74888	23038	0.0	KJ361955.1 Human herpesvirus 5 strain HAN33
